[0.010s] Invoking command in '/home/ioan/dev_ws/src/my_bot/build/my_bot': CMAKE_PREFIX_PATH=/opt/ros/iron /usr/bin/cmake /home/ioan/dev_ws/src/my_bot -DCMAKE_INSTALL_PREFIX=/home/ioan/dev_ws/src/my_bot/install/my_bot
[0.124s] -- The C compiler identification is GNU 11.4.0
[0.217s] -- The CXX compiler identification is GNU 11.4.0
[0.228s] -- Detecting C compiler ABI info
[0.301s] -- Detecting C compiler ABI info - done
[0.308s] -- Check for working C compiler: /usr/bin/cc - skipped
[0.308s] -- Detecting C compile features
[0.309s] -- Detecting C compile features - done
[0.312s] -- Detecting CXX compiler ABI info
[0.423s] -- Detecting CXX compiler ABI info - done
[0.440s] -- Check for working CXX compiler: /usr/bin/c++ - skipped
[0.440s] -- Detecting CXX compile features
[0.441s] -- Detecting CXX compile features - done
[0.447s] -- Found ament_cmake: 2.0.5 (/opt/ros/iron/share/ament_cmake/cmake)
[0.660s] -- Found Python3: /usr/bin/python3.10 (found version "3.10.12") found components: Interpreter 
[0.753s] -- Found ament_lint_auto: 0.14.3 (/opt/ros/iron/share/ament_lint_auto/cmake)
[0.851s] -- Added test 'copyright' to check source files copyright and LICENSE
[0.879s] -- Added test 'cppcheck' to perform static code analysis on C / C++ code
[0.880s] -- Configured cppcheck include dirs: 
[0.880s] -- Configured cppcheck exclude dirs and/or files: 
[0.892s] -- Added test 'cpplint' to check C / C++ code against the Google style
[0.892s] -- Configured cpplint exclude dirs and/or files: 
[0.893s] -- Added test 'flake8' to check Python code syntax and style conventions
[0.893s] -- Configured 'flake8' exclude dirs and/or files: 
[0.896s] -- Added test 'lint_cmake' to check CMake code style
[0.897s] -- Added test 'pep257' to check Python code against some of the docstring style conventions in PEP 257
[0.906s] -- Added test 'uncrustify' to check C / C++ code style
[0.907s] -- Configured uncrustify additional arguments: 
[0.908s] -- Added test 'xmllint' to check XML markup files
[0.909s] -- Configuring done
[0.912s] -- Generating done
[0.913s] -- Build files have been written to: /home/ioan/dev_ws/src/my_bot/build/my_bot
[0.917s] Invoked command in '/home/ioan/dev_ws/src/my_bot/build/my_bot' returned '0': CMAKE_PREFIX_PATH=/opt/ros/iron /usr/bin/cmake /home/ioan/dev_ws/src/my_bot -DCMAKE_INSTALL_PREFIX=/home/ioan/dev_ws/src/my_bot/install/my_bot
[0.920s] Invoking command in '/home/ioan/dev_ws/src/my_bot/build/my_bot': CMAKE_PREFIX_PATH=/opt/ros/iron /usr/bin/cmake --build /home/ioan/dev_ws/src/my_bot/build/my_bot -- -j16 -l16
[0.985s] Invoked command in '/home/ioan/dev_ws/src/my_bot/build/my_bot' returned '0': CMAKE_PREFIX_PATH=/opt/ros/iron /usr/bin/cmake --build /home/ioan/dev_ws/src/my_bot/build/my_bot -- -j16 -l16
[1.027s] Invoking command in '/home/ioan/dev_ws/src/my_bot/build/my_bot': CMAKE_PREFIX_PATH=/opt/ros/iron /usr/bin/cmake --install /home/ioan/dev_ws/src/my_bot/build/my_bot
[1.042s] -- Install configuration: ""
[1.042s] -- Installing: /home/ioan/dev_ws/src/my_bot/install/my_bot/share/my_bot/config
[1.043s] -- Installing: /home/ioan/dev_ws/src/my_bot/install/my_bot/share/my_bot/config/empty.yaml
[1.043s] -- Installing: /home/ioan/dev_ws/src/my_bot/install/my_bot/share/my_bot/config/view_bot.rviz
[1.043s] -- Installing: /home/ioan/dev_ws/src/my_bot/install/my_bot/share/my_bot/description
[1.043s] -- Installing: /home/ioan/dev_ws/src/my_bot/install/my_bot/share/my_bot/description/inertial_macros.xacro
[1.044s] -- Installing: /home/ioan/dev_ws/src/my_bot/install/my_bot/share/my_bot/description/robot_core.xacro
[1.044s] -- Installing: /home/ioan/dev_ws/src/my_bot/install/my_bot/share/my_bot/description/robot.urdf.xacro
[1.044s] -- Installing: /home/ioan/dev_ws/src/my_bot/install/my_bot/share/my_bot/launch
[1.044s] -- Installing: /home/ioan/dev_ws/src/my_bot/install/my_bot/share/my_bot/launch/rsp.launch.py
[1.044s] -- Installing: /home/ioan/dev_ws/src/my_bot/install/my_bot/share/my_bot/launch/launch_sim.launch.py
[1.045s] -- Installing: /home/ioan/dev_ws/src/my_bot/install/my_bot/share/my_bot/worlds
[1.045s] -- Installing: /home/ioan/dev_ws/src/my_bot/install/my_bot/share/my_bot/worlds/empty.world
[1.045s] -- Installing: /home/ioan/dev_ws/src/my_bot/install/my_bot/share/ament_index/resource_index/package_run_dependencies/my_bot
[1.046s] -- Installing: /home/ioan/dev_ws/src/my_bot/install/my_bot/share/ament_index/resource_index/parent_prefix_path/my_bot
[1.047s] -- Installing: /home/ioan/dev_ws/src/my_bot/install/my_bot/share/my_bot/environment/ament_prefix_path.sh
[1.047s] -- Installing: /home/ioan/dev_ws/src/my_bot/install/my_bot/share/my_bot/environment/ament_prefix_path.dsv
[1.047s] -- Installing: /home/ioan/dev_ws/src/my_bot/install/my_bot/share/my_bot/environment/path.sh
[1.048s] -- Installing: /home/ioan/dev_ws/src/my_bot/install/my_bot/share/my_bot/environment/path.dsv
[1.048s] -- Installing: /home/ioan/dev_ws/src/my_bot/install/my_bot/share/my_bot/local_setup.bash
[1.049s] -- Installing: /home/ioan/dev_ws/src/my_bot/install/my_bot/share/my_bot/local_setup.sh
[1.049s] -- Installing: /home/ioan/dev_ws/src/my_bot/install/my_bot/share/my_bot/local_setup.zsh
[1.049s] -- Installing: /home/ioan/dev_ws/src/my_bot/install/my_bot/share/my_bot/local_setup.dsv
[1.050s] -- Installing: /home/ioan/dev_ws/src/my_bot/install/my_bot/share/my_bot/package.dsv
[1.050s] -- Installing: /home/ioan/dev_ws/src/my_bot/install/my_bot/share/ament_index/resource_index/packages/my_bot
[1.051s] -- Installing: /home/ioan/dev_ws/src/my_bot/install/my_bot/share/my_bot/cmake/my_botConfig.cmake
[1.051s] -- Installing: /home/ioan/dev_ws/src/my_bot/install/my_bot/share/my_bot/cmake/my_botConfig-version.cmake
[1.051s] -- Installing: /home/ioan/dev_ws/src/my_bot/install/my_bot/share/my_bot/package.xml
[1.057s] Invoked command in '/home/ioan/dev_ws/src/my_bot/build/my_bot' returned '0': CMAKE_PREFIX_PATH=/opt/ros/iron /usr/bin/cmake --install /home/ioan/dev_ws/src/my_bot/build/my_bot
