[0.076s] DEBUG:colcon:Command line arguments: ['/usr/bin/colcon', 'build', '--packages-select', 'my_bot']
[0.076s] DEBUG:colcon:Parsed command line arguments: Namespace(log_base=None, log_level=None, verb_name='build', build_base='build', install_base='install', merge_install=False, symlink_install=False, test_result_base=None, continue_on_error=False, executor='parallel', parallel_workers=16, event_handlers=None, ignore_user_meta=False, metas=['./colcon.meta'], base_paths=['.'], packages_ignore=None, packages_ignore_regex=None, paths=None, packages_up_to=None, packages_up_to_regex=None, packages_above=None, packages_above_and_dependencies=None, packages_above_depth=None, packages_select_by_dep=None, packages_skip_by_dep=None, packages_skip_up_to=None, packages_select_build_failed=False, packages_skip_build_finished=False, packages_select_test_failures=False, packages_skip_test_passed=False, packages_select=['my_bot'], packages_skip=None, packages_select_regex=None, packages_skip_regex=None, packages_start=None, packages_end=None, allow_overriding=[], cmake_args=None, cmake_target=None, cmake_target_skip_unavailable=False, cmake_clean_cache=False, cmake_clean_first=False, cmake_force_configure=False, ament_cmake_args=None, catkin_cmake_args=None, catkin_skip_building_tests=False, verb_parser=<colcon_defaults.argument_parser.defaults.DefaultArgumentsDecorator object at 0x76be641fb8e0>, verb_extension=<colcon_core.verb.build.BuildVerb object at 0x76be64138400>, main=<bound method BuildVerb.main of <colcon_core.verb.build.BuildVerb object at 0x76be64138400>>)
[0.198s] Level 1:colcon.colcon_core.package_discovery:discover_packages(colcon_meta) check parameters
[0.198s] Level 1:colcon.colcon_core.package_discovery:discover_packages(recursive) check parameters
[0.198s] Level 1:colcon.colcon_core.package_discovery:discover_packages(ignore) check parameters
[0.198s] Level 1:colcon.colcon_core.package_discovery:discover_packages(path) check parameters
[0.198s] Level 1:colcon.colcon_core.package_discovery:discover_packages(colcon_meta) discover
[0.198s] Level 1:colcon.colcon_core.package_discovery:discover_packages(recursive) discover
[0.198s] INFO:colcon.colcon_core.package_discovery:Crawling recursively for packages in '/home/ioan/dev_ws/src/my_bot'
[0.198s] Level 1:colcon.colcon_core.package_identification:_identify(.) by extensions ['ignore', 'ignore_ament_install']
[0.198s] Level 1:colcon.colcon_core.package_identification:_identify(.) by extension 'ignore'
[0.198s] Level 1:colcon.colcon_core.package_identification:_identify(.) by extension 'ignore_ament_install'
[0.198s] Level 1:colcon.colcon_core.package_identification:_identify(.) by extensions ['colcon_pkg']
[0.198s] Level 1:colcon.colcon_core.package_identification:_identify(.) by extension 'colcon_pkg'
[0.198s] Level 1:colcon.colcon_core.package_identification:_identify(.) by extensions ['colcon_meta']
[0.198s] Level 1:colcon.colcon_core.package_identification:_identify(.) by extension 'colcon_meta'
[0.198s] Level 1:colcon.colcon_core.package_identification:_identify(.) by extensions ['ros']
[0.198s] Level 1:colcon.colcon_core.package_identification:_identify(.) by extension 'ros'
[0.209s] DEBUG:colcon.colcon_core.package_identification:Package '.' with type 'ros.ament_cmake' and name 'my_bot'
[0.209s] Level 1:colcon.colcon_core.package_discovery:discover_packages(recursive) using defaults
[0.209s] Level 1:colcon.colcon_core.package_discovery:discover_packages(ignore) discover
[0.209s] Level 1:colcon.colcon_core.package_discovery:discover_packages(ignore) using defaults
[0.209s] Level 1:colcon.colcon_core.package_discovery:discover_packages(path) discover
[0.209s] Level 1:colcon.colcon_core.package_discovery:discover_packages(path) using defaults
[0.224s] Level 1:colcon.colcon_core.package_discovery:discover_packages(prefix_path) check parameters
[0.224s] Level 1:colcon.colcon_core.package_discovery:discover_packages(prefix_path) discover
[0.226s] DEBUG:colcon.colcon_installed_package_information.package_discovery:Found 291 installed packages in /opt/ros/iron
[0.237s] Level 1:colcon.colcon_core.package_discovery:discover_packages(prefix_path) using defaults
[0.268s] Level 5:colcon.colcon_core.verb:set package 'my_bot' build argument 'cmake_args' from command line to 'None'
[0.268s] Level 5:colcon.colcon_core.verb:set package 'my_bot' build argument 'cmake_target' from command line to 'None'
[0.268s] Level 5:colcon.colcon_core.verb:set package 'my_bot' build argument 'cmake_target_skip_unavailable' from command line to 'False'
[0.268s] Level 5:colcon.colcon_core.verb:set package 'my_bot' build argument 'cmake_clean_cache' from command line to 'False'
[0.268s] Level 5:colcon.colcon_core.verb:set package 'my_bot' build argument 'cmake_clean_first' from command line to 'False'
[0.268s] Level 5:colcon.colcon_core.verb:set package 'my_bot' build argument 'cmake_force_configure' from command line to 'False'
[0.269s] Level 5:colcon.colcon_core.verb:set package 'my_bot' build argument 'ament_cmake_args' from command line to 'None'
[0.269s] Level 5:colcon.colcon_core.verb:set package 'my_bot' build argument 'catkin_cmake_args' from command line to 'None'
[0.269s] Level 5:colcon.colcon_core.verb:set package 'my_bot' build argument 'catkin_skip_building_tests' from command line to 'False'
[0.269s] DEBUG:colcon.colcon_core.verb:Building package 'my_bot' with the following arguments: {'ament_cmake_args': None, 'build_base': '/home/ioan/dev_ws/src/my_bot/build/my_bot', 'catkin_cmake_args': None, 'catkin_skip_building_tests': False, 'cmake_args': None, 'cmake_clean_cache': False, 'cmake_clean_first': False, 'cmake_force_configure': False, 'cmake_target': None, 'cmake_target_skip_unavailable': False, 'install_base': '/home/ioan/dev_ws/src/my_bot/install/my_bot', 'merge_install': False, 'path': '/home/ioan/dev_ws/src/my_bot', 'symlink_install': False, 'test_result_base': None}
[0.269s] INFO:colcon.colcon_core.executor:Executing jobs using 'parallel' executor
[0.270s] DEBUG:colcon.colcon_parallel_executor.executor.parallel:run_until_complete
[0.270s] INFO:colcon.colcon_ros.task.ament_cmake.build:Building ROS package in '/home/ioan/dev_ws/src/my_bot' with build type 'ament_cmake'
[0.270s] INFO:colcon.colcon_cmake.task.cmake.build:Building CMake package in '/home/ioan/dev_ws/src/my_bot'
[0.272s] INFO:colcon.colcon_core.plugin_system:Skipping extension 'colcon_core.shell.bat': Not used on non-Windows systems
[0.272s] INFO:colcon.colcon_core.shell:Skip shell extension 'powershell' for command environment: Not usable outside of PowerShell
[0.272s] DEBUG:colcon.colcon_core.shell:Skip shell extension 'dsv' for command environment
[0.281s] DEBUG:colcon.colcon_core.event_handler.log_command:Invoking command in '/home/ioan/dev_ws/src/my_bot/build/my_bot': CMAKE_PREFIX_PATH=/opt/ros/iron /usr/bin/cmake /home/ioan/dev_ws/src/my_bot -DCMAKE_INSTALL_PREFIX=/home/ioan/dev_ws/src/my_bot/install/my_bot
[1.188s] DEBUG:colcon.colcon_core.event_handler.log_command:Invoked command in '/home/ioan/dev_ws/src/my_bot/build/my_bot' returned '0': CMAKE_PREFIX_PATH=/opt/ros/iron /usr/bin/cmake /home/ioan/dev_ws/src/my_bot -DCMAKE_INSTALL_PREFIX=/home/ioan/dev_ws/src/my_bot/install/my_bot
[1.191s] DEBUG:colcon.colcon_core.event_handler.log_command:Invoking command in '/home/ioan/dev_ws/src/my_bot/build/my_bot': CMAKE_PREFIX_PATH=/opt/ros/iron /usr/bin/cmake --build /home/ioan/dev_ws/src/my_bot/build/my_bot -- -j16 -l16
[1.257s] DEBUG:colcon.colcon_core.event_handler.log_command:Invoked command in '/home/ioan/dev_ws/src/my_bot/build/my_bot' returned '0': CMAKE_PREFIX_PATH=/opt/ros/iron /usr/bin/cmake --build /home/ioan/dev_ws/src/my_bot/build/my_bot -- -j16 -l16
[1.298s] DEBUG:colcon.colcon_core.event_handler.log_command:Invoking command in '/home/ioan/dev_ws/src/my_bot/build/my_bot': CMAKE_PREFIX_PATH=/opt/ros/iron /usr/bin/cmake --install /home/ioan/dev_ws/src/my_bot/build/my_bot
[1.327s] Level 1:colcon.colcon_core.environment:create_environment_scripts_only(my_bot)
[1.328s] DEBUG:colcon.colcon_core.event_handler.log_command:Invoked command in '/home/ioan/dev_ws/src/my_bot/build/my_bot' returned '0': CMAKE_PREFIX_PATH=/opt/ros/iron /usr/bin/cmake --install /home/ioan/dev_ws/src/my_bot/build/my_bot
[1.332s] Level 1:colcon.colcon_core.environment:checking '/home/ioan/dev_ws/src/my_bot/install/my_bot' for CMake module files
[1.333s] Level 1:colcon.colcon_core.environment:checking '/home/ioan/dev_ws/src/my_bot/install/my_bot' for CMake config files
[1.333s] Level 1:colcon.colcon_core.shell:create_environment_hook('my_bot', 'cmake_prefix_path')
[1.334s] INFO:colcon.colcon_core.shell:Creating environment hook '/home/ioan/dev_ws/src/my_bot/install/my_bot/share/my_bot/hook/cmake_prefix_path.ps1'
[1.335s] INFO:colcon.colcon_core.shell:Creating environment descriptor '/home/ioan/dev_ws/src/my_bot/install/my_bot/share/my_bot/hook/cmake_prefix_path.dsv'
[1.336s] INFO:colcon.colcon_core.shell:Creating environment hook '/home/ioan/dev_ws/src/my_bot/install/my_bot/share/my_bot/hook/cmake_prefix_path.sh'
[1.337s] Level 1:colcon.colcon_core.environment:checking '/home/ioan/dev_ws/src/my_bot/install/my_bot/bin'
[1.337s] Level 1:colcon.colcon_core.environment:checking '/home/ioan/dev_ws/src/my_bot/install/my_bot/lib/pkgconfig/my_bot.pc'
[1.338s] Level 1:colcon.colcon_core.environment:checking '/home/ioan/dev_ws/src/my_bot/install/my_bot/lib/python3.10/site-packages'
[1.338s] Level 1:colcon.colcon_core.environment:checking '/home/ioan/dev_ws/src/my_bot/install/my_bot/bin'
[1.339s] INFO:colcon.colcon_core.shell:Creating package script '/home/ioan/dev_ws/src/my_bot/install/my_bot/share/my_bot/package.ps1'
[1.340s] INFO:colcon.colcon_core.shell:Creating package descriptor '/home/ioan/dev_ws/src/my_bot/install/my_bot/share/my_bot/package.dsv'
[1.341s] INFO:colcon.colcon_core.shell:Creating package script '/home/ioan/dev_ws/src/my_bot/install/my_bot/share/my_bot/package.sh'
[1.342s] INFO:colcon.colcon_core.shell:Creating package script '/home/ioan/dev_ws/src/my_bot/install/my_bot/share/my_bot/package.bash'
[1.344s] INFO:colcon.colcon_core.shell:Creating package script '/home/ioan/dev_ws/src/my_bot/install/my_bot/share/my_bot/package.zsh'
[1.345s] Level 1:colcon.colcon_core.environment:create_file_with_runtime_dependencies(/home/ioan/dev_ws/src/my_bot/install/my_bot/share/colcon-core/packages/my_bot)
[1.395s] Level 1:colcon.colcon_core.environment:create_environment_scripts_only(my_bot)
[1.395s] Level 1:colcon.colcon_core.environment:checking '/home/ioan/dev_ws/src/my_bot/install/my_bot' for CMake module files
[1.396s] Level 1:colcon.colcon_core.environment:checking '/home/ioan/dev_ws/src/my_bot/install/my_bot' for CMake config files
[1.397s] Level 1:colcon.colcon_core.shell:create_environment_hook('my_bot', 'cmake_prefix_path')
[1.397s] INFO:colcon.colcon_core.shell:Creating environment hook '/home/ioan/dev_ws/src/my_bot/install/my_bot/share/my_bot/hook/cmake_prefix_path.ps1'
[1.398s] INFO:colcon.colcon_core.shell:Creating environment descriptor '/home/ioan/dev_ws/src/my_bot/install/my_bot/share/my_bot/hook/cmake_prefix_path.dsv'
[1.398s] INFO:colcon.colcon_core.shell:Creating environment hook '/home/ioan/dev_ws/src/my_bot/install/my_bot/share/my_bot/hook/cmake_prefix_path.sh'
[1.399s] Level 1:colcon.colcon_core.environment:checking '/home/ioan/dev_ws/src/my_bot/install/my_bot/bin'
[1.399s] Level 1:colcon.colcon_core.environment:checking '/home/ioan/dev_ws/src/my_bot/install/my_bot/lib/pkgconfig/my_bot.pc'
[1.399s] Level 1:colcon.colcon_core.environment:checking '/home/ioan/dev_ws/src/my_bot/install/my_bot/lib/python3.10/site-packages'
[1.400s] Level 1:colcon.colcon_core.environment:checking '/home/ioan/dev_ws/src/my_bot/install/my_bot/bin'
[1.400s] INFO:colcon.colcon_core.shell:Creating package script '/home/ioan/dev_ws/src/my_bot/install/my_bot/share/my_bot/package.ps1'
[1.401s] INFO:colcon.colcon_core.shell:Creating package descriptor '/home/ioan/dev_ws/src/my_bot/install/my_bot/share/my_bot/package.dsv'
[1.402s] INFO:colcon.colcon_core.shell:Creating package script '/home/ioan/dev_ws/src/my_bot/install/my_bot/share/my_bot/package.sh'
[1.403s] INFO:colcon.colcon_core.shell:Creating package script '/home/ioan/dev_ws/src/my_bot/install/my_bot/share/my_bot/package.bash'
[1.404s] INFO:colcon.colcon_core.shell:Creating package script '/home/ioan/dev_ws/src/my_bot/install/my_bot/share/my_bot/package.zsh'
[1.404s] Level 1:colcon.colcon_core.environment:create_file_with_runtime_dependencies(/home/ioan/dev_ws/src/my_bot/install/my_bot/share/colcon-core/packages/my_bot)
[1.405s] DEBUG:colcon.colcon_parallel_executor.executor.parallel:closing loop
[1.405s] DEBUG:colcon.colcon_parallel_executor.executor.parallel:loop closed
[1.405s] DEBUG:colcon.colcon_parallel_executor.executor.parallel:run_until_complete finished with '0'
[1.405s] DEBUG:colcon.colcon_core.event_reactor:joining thread
[1.415s] INFO:colcon.colcon_core.plugin_system:Skipping extension 'colcon_notification.desktop_notification.terminal_notifier': Not used on non-Darwin systems
[1.415s] INFO:colcon.colcon_core.plugin_system:Skipping extension 'colcon_notification.desktop_notification.win32': Not used on non-Windows systems
[1.415s] INFO:colcon.colcon_notification.desktop_notification:Sending desktop notification using 'notify2'
[1.442s] DEBUG:colcon.colcon_core.event_reactor:joined thread
[1.443s] INFO:colcon.colcon_core.shell:Creating prefix script '/home/ioan/dev_ws/src/my_bot/install/local_setup.ps1'
[1.444s] INFO:colcon.colcon_core.shell:Creating prefix util module '/home/ioan/dev_ws/src/my_bot/install/_local_setup_util_ps1.py'
[1.447s] INFO:colcon.colcon_core.shell:Creating prefix chain script '/home/ioan/dev_ws/src/my_bot/install/setup.ps1'
[1.448s] INFO:colcon.colcon_core.shell:Creating prefix script '/home/ioan/dev_ws/src/my_bot/install/local_setup.sh'
[1.449s] INFO:colcon.colcon_core.shell:Creating prefix util module '/home/ioan/dev_ws/src/my_bot/install/_local_setup_util_sh.py'
[1.450s] INFO:colcon.colcon_core.shell:Creating prefix chain script '/home/ioan/dev_ws/src/my_bot/install/setup.sh'
[1.452s] INFO:colcon.colcon_core.shell:Creating prefix script '/home/ioan/dev_ws/src/my_bot/install/local_setup.bash'
[1.452s] INFO:colcon.colcon_core.shell:Creating prefix chain script '/home/ioan/dev_ws/src/my_bot/install/setup.bash'
[1.454s] INFO:colcon.colcon_core.shell:Creating prefix script '/home/ioan/dev_ws/src/my_bot/install/local_setup.zsh'
[1.455s] INFO:colcon.colcon_core.shell:Creating prefix chain script '/home/ioan/dev_ws/src/my_bot/install/setup.zsh'
